

================================================================
== Vivado HLS Report for 'simple_lfsr_next_random_bits'
================================================================
* Date:           Wed May 31 20:13:55 2017

* Version:        2016.4 (Build 1756540 on Mon Jan 23 19:31:01 MST 2017)
* Project:        lfsr
* Solution:       ultrazed
* Product family: zynquplus
* Target device:  xczu3eg-sfva625-1-i-es1


================================================================
== Performance Estimates
================================================================
+ Timing (ns): 
    * Summary: 
    +--------+-------+----------+------------+
    |  Clock | Target| Estimated| Uncertainty|
    +--------+-------+----------+------------+
    |ap_clk  |  10.00|      1.24|        1.25|
    +--------+-------+----------+------------+

+ Latency (clock cycles): 
    * Summary: 
    +-----+-----+-----+-----+---------+
    |  Latency  |  Interval | Pipeline|
    | min | max | min | max |   Type  |
    +-----+-----+-----+-----+---------+
    |    9|    9|   10|   10|   none  |
    +-----+-----+-----+-----+---------+

    + Detail: 
        * Instance: 
        N/A

        * Loop: 
        +-----------------------+-----+-----+----------+-----------+-----------+------+----------+
        |                       |  Latency  | Iteration|  Initiation Interval  | Trip |          |
        |       Loop Name       | min | max |  Latency |  achieved |   target  | Count| Pipelined|
        +-----------------------+-----+-----+----------+-----------+-----------+------+----------+
        |- compute_random_bits  |    8|    8|         1|          -|          -|     8|    no    |
        +-----------------------+-----+-----+----------+-----------+-----------+------+----------+



================================================================
== Utilization Estimates
================================================================
* Summary: 
+-----------------+---------+-------+--------+-------+-----+
|       Name      | BRAM_18K| DSP48E|   FF   |  LUT  | URAM|
+-----------------+---------+-------+--------+-------+-----+
|DSP              |        -|      -|       -|      -|    -|
|Expression       |        -|      -|       0|      9|    -|
|FIFO             |        -|      -|       -|      -|    -|
|Instance         |        -|      -|       -|      -|    -|
|Memory           |        -|      -|       -|      -|    -|
|Multiplexer      |        -|      -|       -|      5|    -|
|Register         |        -|      -|      38|      -|    -|
+-----------------+---------+-------+--------+-------+-----+
|Total            |        0|      0|      38|     14|    0|
+-----------------+---------+-------+--------+-------+-----+
|Available        |      432|    360|  141120|  70560|    0|
+-----------------+---------+-------+--------+-------+-----+
|Utilization (%)  |        0|      0|   ~0   |   ~0  |  100|
+-----------------+---------+-------+--------+-------+-----+

+ Detail: 
    * Instance: 
    N/A

    * DSP48: 
    N/A

    * Memory: 
    N/A

    * FIFO: 
    N/A

    * Expression: 
    +----------------------------+----------+-------+---+----+------------+------------+
    |        Variable Name       | Operation| DSP48E| FF| LUT| Bitwidth P0| Bitwidth P1|
    +----------------------------+----------+-------+---+----+------------+------------+
    |i_fu_57_p2                  |     +    |      0|  0|   4|           4|           1|
    |exitcond_i_fu_51_p2         |   icmp   |      0|  0|   2|           4|           5|
    |new_random_bit_i_fu_107_p2  |    xor   |      0|  0|   1|           1|           1|
    |tmp1_fu_101_p2              |    xor   |      0|  0|   1|           1|           1|
    |tmp_fu_95_p2                |    xor   |      0|  0|   1|           1|           1|
    +----------------------------+----------+-------+---+----+------------+------------+
    |Total                       |          |      0|  0|   9|          11|           9|
    +----------------------------+----------+-------+---+----+------------+------------+

    * Multiplexer: 
    +------------+----+-----------+-----+-----------+
    |    Name    | LUT| Input Size| Bits| Total Bits|
    +------------+----+-----------+-----+-----------+
    |ap_NS_fsm   |   1|          3|    1|          3|
    |i_i_reg_36  |   4|          2|    4|          8|
    +------------+----+-----------+-----+-----------+
    |Total       |   5|          5|    5|         11|
    +------------+----+-----------+-----+-----------+

    * Register: 
    +------------+----+----+-----+-----------+
    |    Name    | FF | LUT| Bits| Const Bits|
    +------------+----+----+-----+-----------+
    |ap_CS_fsm   |   2|   0|    2|          0|
    |i_i_reg_36  |   4|   0|    4|          0|
    |r           |  32|   0|   32|          0|
    +------------+----+----+-----+-----------+
    |Total       |  38|   0|   38|          0|
    +------------+----+----+-----+-----------+



================================================================
== Interface
================================================================
* Summary: 
+-----------+-----+-----+------------+------------------------------+--------------+
| RTL Ports | Dir | Bits|  Protocol  |         Source Object        |    C Type    |
+-----------+-----+-----+------------+------------------------------+--------------+
|ap_clk     |  in |    1| ap_ctrl_hs | simple_lfsr_next_random_bits | return value |
|ap_rst     |  in |    1| ap_ctrl_hs | simple_lfsr_next_random_bits | return value |
|ap_start   |  in |    1| ap_ctrl_hs | simple_lfsr_next_random_bits | return value |
|ap_done    | out |    1| ap_ctrl_hs | simple_lfsr_next_random_bits | return value |
|ap_idle    | out |    1| ap_ctrl_hs | simple_lfsr_next_random_bits | return value |
|ap_ready   | out |    1| ap_ctrl_hs | simple_lfsr_next_random_bits | return value |
|ap_return  | out |   32| ap_ctrl_hs | simple_lfsr_next_random_bits | return value |
+-----------+-----+-----+------------+------------------------------+--------------+

