52
138
184
170
129
82
37
224
121
129
58
67
63
86
98
31
188
166
98
80

C:\Users\tmcphill\GitRepos\fpga-components\stochastic\lfsr\vivado-hls\lfsr\ultrazed-unrolled-loop\sim\verilog>call C:/Xilinx/Vivado/2016.4/bin/xelab xil_defaultlib.apatb_simple_lfsr_next_byte_top -prj simple_lfsr_next_byte.prj --initfile "C:/Xilinx/Vivado/2016.4/data/xsim/ip/xsim_ip.ini" --lib "ieee_proposed=./ieee_proposed" -s simple_lfsr_next_byte  
INFO: [XSIM 43-3496] Using init file passed via -initfile option "C:/Xilinx/Vivado/2016.4/data/xsim/ip/xsim_ip.ini".
Vivado Simulator 2016.4
Copyright 1986-1999, 2001-2016 Xilinx, Inc. All Rights Reserved.
Running: C:/Xilinx/Vivado/2016.4/bin/unwrapped/win64.o/xelab.exe xil_defaultlib.apatb_simple_lfsr_next_byte_top -prj simple_lfsr_next_byte.prj --initfile C:/Xilinx/Vivado/2016.4/data/xsim/ip/xsim_ip.ini --lib ieee_proposed=./ieee_proposed -s simple_lfsr_next_byte 
Multi-threading is on. Using 2 slave threads.
INFO: [VRFC 10-2263] Analyzing SystemVerilog file "C:/Users/tmcphill/GitRepos/fpga-components/stochastic/lfsr/vivado-hls/lfsr/ultrazed-unrolled-loop/sim/verilog/simple_lfsr_next_byte.autotb.v" into library xil_defaultlib
INFO: [VRFC 10-311] analyzing module apatb_simple_lfsr_next_byte_top
INFO: [VRFC 10-2263] Analyzing SystemVerilog file "C:/Users/tmcphill/GitRepos/fpga-components/stochastic/lfsr/vivado-hls/lfsr/ultrazed-unrolled-loop/sim/verilog/simple_lfsr_next_byte.v" into library xil_defaultlib
INFO: [VRFC 10-311] analyzing module simple_lfsr_next_byte
Starting static elaboration
Completed static elaboration
Starting simulation data flow analysis
Completed simulation data flow analysis
Time Resolution for simulation is 1ps
Compiling module xil_defaultlib.simple_lfsr_next_byte
Compiling module xil_defaultlib.apatb_simple_lfsr_next_byte_top
Built simulation snapshot simple_lfsr_next_byte

****** Webtalk v2016.4 (64-bit)
  **** SW Build 1756540 on Mon Jan 23 19:11:23 MST 2017
  **** IP Build 1755317 on Mon Jan 23 20:30:07 MST 2017
    ** Copyright 1986-2016 Xilinx, Inc. All Rights Reserved.

Sourcing tcl script 'C:/Xilinx/Vivado/2016.4/scripts/init.tcl'
source C:/Users/tmcphill/GitRepos/fpga-components/stochastic/lfsr/vivado-hls/lfsr/ultrazed-unrolled-loop/sim/verilog/xsim.dir/simple_lfsr_next_byte/webtalk/xsim_webtalk.tcl -notrace
webtalk_transmit: Time (s): cpu = 00:00:00 ; elapsed = 00:00:05 . Memory (MB): peak = 49.066 ; gain = 0.012
INFO: [Common 17-206] Exiting Webtalk at Mon May 22 21:07:16 2017...

****** xsim v2016.4 (64-bit)
  **** SW Build 1756540 on Mon Jan 23 19:11:23 MST 2017
  **** IP Build 1755317 on Mon Jan 23 20:30:07 MST 2017
    ** Copyright 1986-2016 Xilinx, Inc. All Rights Reserved.

Sourcing tcl script 'C:/Xilinx/Vivado/2016.4/scripts/init.tcl'
source xsim.dir/simple_lfsr_next_byte/xsim_script.tcl
# xsim {simple_lfsr_next_byte} -autoloadwcfg -tclbatch {simple_lfsr_next_byte.tcl}
Vivado Simulator 2016.4
Time resolution is 1 ps
source simple_lfsr_next_byte.tcl
## run all
////////////////////////////////////////////////////////////////////////////////////
// Inter-Transaction Progress: Completed Transaction / Total Transaction
// Intra-Transaction Progress: Measured Latency / Latency Estimation * 100%
//
// RTL Simulation : "Inter-Transaction Progress" ["Intra-Transaction Progress"] @ "Simulation Time"
////////////////////////////////////////////////////////////////////////////////////
// RTL Simulation : 0 / 20 [n/a] @ "125000"
// RTL Simulation : 1 / 20 [n/a] @ "145000"
// RTL Simulation : 2 / 20 [n/a] @ "155000"
// RTL Simulation : 3 / 20 [n/a] @ "165000"
// RTL Simulation : 4 / 20 [n/a] @ "175000"
// RTL Simulation : 5 / 20 [n/a] @ "185000"
// RTL Simulation : 6 / 20 [n/a] @ "195000"
// RTL Simulation : 7 / 20 [n/a] @ "205000"
// RTL Simulation : 8 / 20 [n/a] @ "215000"
// RTL Simulation : 9 / 20 [n/a] @ "225000"
// RTL Simulation : 10 / 20 [n/a] @ "235000"
// RTL Simulation : 11 / 20 [n/a] @ "245000"
// RTL Simulation : 12 / 20 [n/a] @ "255000"
// RTL Simulation : 13 / 20 [n/a] @ "265000"
// RTL Simulation : 14 / 20 [n/a] @ "275000"
// RTL Simulation : 15 / 20 [n/a] @ "285000"
// RTL Simulation : 16 / 20 [n/a] @ "295000"
// RTL Simulation : 17 / 20 [n/a] @ "305000"
// RTL Simulation : 18 / 20 [n/a] @ "315000"
// RTL Simulation : 19 / 20 [n/a] @ "325000"
// RTL Simulation : 20 / 20 [n/a] @ "335000"
////////////////////////////////////////////////////////////////////////////////////
$finish called at time : 375 ns : File "C:/Users/tmcphill/GitRepos/fpga-components/stochastic/lfsr/vivado-hls/lfsr/ultrazed-unrolled-loop/sim/verilog/simple_lfsr_next_byte.autotb.v" Line 203
## quit
INFO: [Common 17-206] Exiting xsim at Mon May 22 21:07:27 2017...
52
138
184
170
129
82
37
224
121
129
58
67
63
86
98
31
188
166
98
80
