Unable to capture context for thread 352 in process 26908, can not generate back trace
Unable to capture context for thread 7792 in process 26908, can not generate back trace
Unable to capture context for thread 22976 in process 26908, can not generate back trace
Unable to capture context for thread 2424 in process 26908, can not generate back trace
Unable to capture context for thread 26736 in process 26908, can not generate back trace
Unable to capture context for thread 27260 in process 26908, can not generate back trace
Unable to capture context for thread 2592 in process 26908, can not generate back trace
Exception at PC 0x00007FFE30DEBB93
Printing stacktrace...

Unable to capture context for thread 352 in process 26908, can not generate back trace
Unable to capture context for thread 7792 in process 26908, can not generate back trace
Unable to capture context for thread 2424 in process 26908, can not generate back trace
Exception at PC 0x00007FFEAAF53C58
Exception at PC 0x00007FFEAAF53C58
Exception at PC 0x00007FFEAAF53C58
Exception at PC 0x00007FFEAAF53C58
Exception at PC 0x00007FFEAAF53C58
Exception at PC 0x00007FFEAAF53C58
Exception at PC 0x00007FFEAAF53C58
Exception at PC 0x00007FFEAAF53C58
Exception at PC 0x00007FFEAAF53C58
Exception at PC 0x00007FFEAAF53C58
Exception at PC 0x00007FFEAAF53C58
Exception at PC 0x00007FFEAAF53C58
Exception at PC 0x00007FFEAAF53C58
Exception at PC 0x00007FFEAAF53C58
[0]  [0x00007FFE30DEBB93]
[1]  [0x00007FFE30DEBB93]
[2]  [0x00007FFE30DEB4A1]
[3]  [0x00007FFE30DEB459]
[4]  [0x00007FFE30DD19FE]
[5]  [0x00007FFE30DD0ED1]
[6]  [0x00007FFE30DD0D76]
[7]  [0x00007FFE30D779F6]
[8]  [0x00007FFE30D67AFB]
[9]  [0x00007FFE30E8E90A]
[10]  [0x00007FFE30EA9F87]
[11]  [0x00007FFE30EAA05F]
[12] (BaseThreadInitThunk+0x14) [0x00007FFEABED8364]
[13] (RtlUserThreadStart+0x21) [0x00007FFEADE770D1]
Done
Exception at PC 0x00007FFEAAF53C58
Exception at PC 0x00007FFEAAF53C58
Exception at PC 0x00007FFEAAF53C58
