@I [HLS-0] Workspace C:/Users/tmcphill/GitRepos/fpga-components/stochastic/lfsr/vivado-hls/lfsr/ultrazed opened at Wed May 24 16:50:11 -0700 2017
@I [HLS-100] Execute     config_clock -quiet -name default -period 10 -default=false 
@I [SYN-201] Setting up clock 'default' with a period of 10ns.
@I [HLS-100] Command     config_clock returned 0; 0.001 sec.
@I [HLS-100] Execute     open_platform DefaultPlatform 
@I [HLS-100] Command     open_platform returned 0; 0 sec.
@I [HLS-100] Execute     import_lib C:/Xilinx/Vivado_HLS/2016.4/common/technology/xilinx/zynquplus/zynquplus 
@I [HLS-100] Execute       source C:/Xilinx/Vivado_HLS/2016.4/common/technology/xilinx/common/xilinx.lib 
@I [HLS-100] Execute         source C:/Xilinx/Vivado_HLS/2016.4/common/technology/xilinx/interface/xilinx_interface.lib 
@I [HLS-100] Execute           source C:/Xilinx/Vivado_HLS/2016.4/common/technology/xilinx/interface/plb46.lib 
@I [HLS-100] Command           ap_source returned 0; 0.001 sec.
@I [HLS-100] Execute           source C:/Xilinx/Vivado_HLS/2016.4/common/technology/xilinx/interface/fsl.lib 
@I [HLS-100] Command           ap_source returned 0; 0.001 sec.
@I [HLS-100] Execute           source C:/Xilinx/Vivado_HLS/2016.4/common/technology/xilinx/interface/axi4.lib 
@I [HLS-100] Command           ap_source returned 0; 0.001 sec.
@I [HLS-100] Execute           source C:/Xilinx/Vivado_HLS/2016.4/common/technology/xilinx/interface/maxi.lib 
@I [HLS-100] Command           ap_source returned 0; 0 sec.
@I [HLS-100] Execute           source C:/Xilinx/Vivado_HLS/2016.4/common/technology/xilinx/interface/saxilite.lib 
@I [HLS-100] Command           ap_source returned 0; 0 sec.
@I [HLS-100] Command         ap_source returned 0; 0.004 sec.
@I [HLS-100] Execute         source C:/Xilinx/Vivado_HLS/2016.4/common/technology/xilinx/common/dsp48.lib 
@I [HLS-100] Command         ap_source returned 0; 0.001 sec.
@I [HLS-100] Execute         source C:/Xilinx/Vivado_HLS/2016.4/common/technology/xilinx/ip/dds_compiler.lib 
@I [HLS-100] Command         ap_source returned 0; 0 sec.
@I [HLS-100] Execute         source C:/Xilinx/Vivado_HLS/2016.4/common/technology/xilinx/ip/xfft.lib 
@I [HLS-100] Command         ap_source returned 0; 0.001 sec.
@I [HLS-100] Execute         source C:/Xilinx/Vivado_HLS/2016.4/common/technology/xilinx/ip/xfir.lib 
@I [HLS-100] Command         ap_source returned 0; 0 sec.
@I [HLS-100] Command       ap_source returned 0; 0.01 sec.
@I [HLS-100] Execute       source C:/Xilinx/Vivado_HLS/2016.4/common/technology/xilinx/common/xilinx_old.lib 
@I [HLS-100] Command       ap_source returned 0; 0.004 sec.
@I [HLS-100] Execute       source C:/Xilinx/Vivado_HLS/2016.4/common/technology/xilinx/common/xilinx_vivado.lib 
@I [HLS-100] Command       ap_source returned 0; 0.001 sec.
@I [HLS-100] Execute       source C:/Xilinx/Vivado_HLS/2016.4/common/technology/xilinx/common/xilinx.hlp 
@I [HLS-100] Execute         source C:/Xilinx/Vivado_HLS/2016.4/common/technology/xilinx/common/target_info.tcl 
@I [HLS-100] Command         ap_source returned 0; 0.001 sec.
@I [HLS-100] Execute         source C:/Xilinx/Vivado_HLS/2016.4/common/technology/xilinx/interface/xilinx_interface.hlp 
@I [HLS-100] Execute           source C:/Xilinx/Vivado_HLS/2016.4/common/technology/xilinx/interface/maxi.hlp 
@I [HLS-100] Command           ap_source returned 0; 0.001 sec.
@I [HLS-100] Execute           source C:/Xilinx/Vivado_HLS/2016.4/common/technology/xilinx/interface/saxilite.hlp 
@I [HLS-100] Command           ap_source returned 0; 0 sec.
@I [HLS-100] Command         ap_source returned 0; 0.001 sec.
@I [HLS-100] Execute         source C:/Xilinx/Vivado_HLS/2016.4/common/technology/xilinx/common/dsp48.hlp 
@I [HLS-100] Command         ap_source returned 0; 0.001 sec.
@I [HLS-100] Command       ap_source returned 0; 0.006 sec.
@I [HLS-100] Execute       source C:/Xilinx/Vivado_HLS/2016.4/common/technology/xilinx/zynquplus/dsp48e2.hlp 
@I [HLS-100] Command       ap_source returned 0; 0 sec.
@I [HLS-100] Execute       get_default_platform 
@I [HLS-100] Command       get_default_platform returned 0; 0 sec.
@I [HLS-100] Execute       config_chip_info -quiet -resource  {SLICE 34260} {LUT 274080}   {FF 548160}  {DSP48E 2520}  {BRAM 1824} {URAM 0}  
@I [HLS-100] Command       config_chip_info returned 0; 0 sec.
@I [HLS-100] Execute       config_chip_info -quiet -speed medium 
@I [HLS-100] Command       config_chip_info returned 0; 0 sec.
@I [HLS-100] Command     import_lib returned 0; 0.033 sec.
@I [HLS-100] Execute     source C:/Xilinx/Vivado_HLS/2016.4/common/technology/xilinx/zynquplus/zynquplus.gen 
@I [HLS-100] Execute       source C:/Xilinx/Vivado_HLS/2016.4/common/technology/xilinx/common/virtex.gen 
@I [HLS-100] Execute         source C:/Xilinx/Vivado_HLS/2016.4/common/technology/xilinx/common/xilinx.gen 
@I [HLS-100] Execute           source C:/Xilinx/Vivado_HLS/2016.4/common/technology/xilinx/interface/plb46.gen 
@I [HLS-100] Command           ap_source returned 0; 0.002 sec.
@I [HLS-100] Execute           source C:/Xilinx/Vivado_HLS/2016.4/common/technology/xilinx/interface/fsl.gen 
@I [HLS-100] Command           ap_source returned 0; 0.001 sec.
@I [HLS-100] Execute           source C:/Xilinx/Vivado_HLS/2016.4/common/technology/xilinx/interface/axi4.gen 
@I [HLS-100] Command           ap_source returned 0; 0.004 sec.
@I [HLS-100] Execute           source C:/Xilinx/Vivado_HLS/2016.4/common/technology/xilinx/interface/nativeAXI4.gen 
@I [HLS-100] Execute             source C:/Xilinx/Vivado_HLS/2016.4/common/technology/xilinx/interface/saxilite.gen 
@I [HLS-100] Command             ap_source returned 0; 0.005 sec.
@I [HLS-100] Execute             source C:/Xilinx/Vivado_HLS/2016.4/common/technology/xilinx/interface/maxi.gen 
@I [HLS-100] Command             ap_source returned 0; 0.012 sec.
@I [HLS-100] Command           ap_source returned 0; 0.022 sec.
@I [HLS-100] Execute           source C:/Xilinx/Vivado_HLS/2016.4/common/technology/xilinx/scripts/xilinxcoregen.gen 
@I [HLS-100] Command           ap_source returned 0; 0.014 sec.
@I [HLS-100] Execute           source C:/Xilinx/Vivado_HLS/2016.4/common/technology/xilinx/interface/XilEDKCoreGen.gen 
@I [HLS-100] Command           ap_source returned 0; 0.012 sec.
@I [HLS-100] Execute           source C:/Xilinx/Vivado_HLS/2016.4/common/technology/xilinx/ip/dds_compiler.gen 
@I [HLS-100] Command           ap_source returned 0; 0.006 sec.
@I [HLS-100] Execute           source C:/Xilinx/Vivado_HLS/2016.4/common/technology/xilinx/ip/util.gen 
@I [HLS-100] Command           ap_source returned 0; 0.001 sec.
@I [HLS-100] Execute           source C:/Xilinx/Vivado_HLS/2016.4/common/technology/xilinx/ip/xfft.gen 
@I [HLS-100] Command           ap_source returned 0; 0.126 sec.
@I [HLS-100] Execute           source C:/Xilinx/Vivado_HLS/2016.4/common/technology/xilinx/ip/xfir.gen 
@I [HLS-100] Command           ap_source returned 0; 0.001 sec.
@I [HLS-100] Command         ap_source returned 0; 0.192 sec.
@I [HLS-100] Execute         source C:/Xilinx/Vivado_HLS/2016.4/common/technology/xilinx/common/dsp48.gen 
@I [HLS-100] Command         ap_source returned 0; 0.001 sec.
@I [HLS-100] Command       ap_source returned 0; 0.198 sec.
@I [HLS-100] Command     ap_source returned 0; 0.198 sec.
@I [HLS-100] Execute     open_platform DefaultPlatform 
@I [HLS-100] Command     open_platform returned 0; 0 sec.
@I [HLS-100] Execute     import_lib C:/Xilinx/Vivado_HLS/2016.4/common/technology/xilinx/zynquplus/zynquplus_fpv7 
@I [HLS-100] Execute       source C:/Xilinx/Vivado_HLS/2016.4/common/technology/xilinx/common/xilinx_fpv7.lib 
@I [HLS-100] Execute         source C:/Xilinx/Vivado_HLS/2016.4/common/technology/xilinx/common/xilinx_hp.lib 
@I [HLS-100] Command         ap_source returned 0; 0.001 sec.
@I [HLS-100] Command       ap_source returned 0; 0.005 sec.
@I [HLS-100] Execute       source C:/Xilinx/Vivado_HLS/2016.4/common/technology/xilinx/common/xilinx_fpv.hlp 
@I [HLS-100] Execute         source C:/Xilinx/Vivado_HLS/2016.4/common/technology/xilinx/common/xilinx.hlp 
@I [HLS-100] Execute           source C:/Xilinx/Vivado_HLS/2016.4/common/technology/xilinx/common/target_info.tcl 
@I [HLS-100] Command           ap_source returned 0; 0.036 sec.
@I [HLS-100] Execute           source C:/Xilinx/Vivado_HLS/2016.4/common/technology/xilinx/interface/xilinx_interface.hlp 
@I [HLS-100] Execute             source C:/Xilinx/Vivado_HLS/2016.4/common/technology/xilinx/interface/maxi.hlp 
@I [HLS-100] Command             ap_source returned 0; 0 sec.
@I [HLS-100] Execute             source C:/Xilinx/Vivado_HLS/2016.4/common/technology/xilinx/interface/saxilite.hlp 
@I [HLS-100] Command             ap_source returned 0; 0 sec.
@I [HLS-100] Command           ap_source returned 0; 0.002 sec.
@I [HLS-100] Execute           source C:/Xilinx/Vivado_HLS/2016.4/common/technology/xilinx/common/dsp48.hlp 
@I [HLS-100] Command           ap_source returned 0; 0.001 sec.
@I [HLS-100] Command         ap_source returned 0; 0.042 sec.
@I [HLS-100] Command       ap_source returned 0; 0.044 sec.
@I [HLS-100] Execute       source C:/Xilinx/Vivado_HLS/2016.4/common/technology/xilinx/zynquplus/zynquplus_hp.hlp 
@I [HLS-100] Command       ap_source returned 0; 0.002 sec.
@I [HLS-100] Command     import_lib returned 0; 0.066 sec.
@I [HLS-100] Execute     source C:/Xilinx/Vivado_HLS/2016.4/common/technology/xilinx/zynquplus/zynquplus_fpv7.gen 
@I [HLS-100] Execute       source C:/Xilinx/Vivado_HLS/2016.4/common/technology/xilinx/common/xilinx_fpv6.gen 
@I [HLS-100] Command       ap_source returned 0; 0.002 sec.
@I [HLS-100] Command     ap_source returned 0; 0.003 sec.
@I [HLS-100] Execute     set_part xczu3eg-sfva625-1-i-es1 
@I [HLS-100] Execute       add_library xilinx/zynquplus/zynquplus:xczu3eg:-sfva625:-1-i-es1 
@I [HLS-100] Execute         get_default_platform 
@I [HLS-100] Command         get_default_platform returned 0; 0 sec.
@I [HLS-100] Execute         license_isbetapart xczu3eg-es1 
@I [HLS-100] Command         license_isbetapart returned 0; 0.026 sec.
@I [HLS-100] Execute         license_exists xczu3eg-es1 
@I [LICQ-103] Checked out feature [xczu3eg-es1]
@I [LIC-101] Checked out feature [xczu3eg-es1]
@I [HLS-100] Command         license_exists returned 0; 0.357 sec.
@I [HLS-100] Execute         get_default_platform 
@I [HLS-100] Command         get_default_platform returned 0; 0 sec.
@I [HLS-100] Execute         config_chip_info -quiet -resource  {SLICE 8820}  {LUT 70560}    {FF 141120}  {DSP48E 360}   {BRAM 432}  {URAM 0}  
@I [HLS-100] Command         config_chip_info returned 0; 0 sec.
@I [HLS-100] Execute         config_chip_info -quiet -speed slow 
@I [HLS-100] Command         config_chip_info returned 0; 0 sec.
@I [HLS-100] Command       add_library returned 0; 0.395 sec.
@I [HLS-100] Execute       add_library xilinx/zynquplus/zynquplus_fpv7 
@I [HLS-100] Execute         get_default_platform 
@I [HLS-100] Command         get_default_platform returned 0; 0 sec.
@I [HLS-100] Command       add_library returned 0; 0.004 sec.
@I [HLS-10] Setting target device to 'xczu3eg-sfva625-1-i-es1'
@I [HLS-100] Command     set_part returned 0; 0.451 sec.
@I [HLS-100] Execute     get_default_platform 
@I [HLS-100] Command     get_default_platform returned 0; 0 sec.
@I [HLS-100] Execute     config_chip_info -quiet -resource  {SLICE 8820}  {LUT 70560}    {FF 141120}  {DSP48E 360}   {BRAM 432}  {URAM 0}  
@I [HLS-100] Command     config_chip_info returned 0; 0 sec.
@I [HLS-100] Execute     config_chip_info -quiet -speed slow 
@I [HLS-100] Command     config_chip_info returned 0; 0 sec.
@I [HLS-100] Command   open_solution returned 0; 0.856 sec.
@I [HLS-100] Execute   cosim_design 
@I [HLS-100] Execute     source C:/Users/tmcphill/GitRepos/fpga-components/stochastic/lfsr/vivado-hls/lfsr/ultrazed/.autopilot/db/global.setting.tcl 
@I [HLS-100] Command     ap_source returned 0; 0.001 sec.
@I [HLS-100] Execute     source C:/Users/tmcphill/GitRepos/fpga-components/stochastic/lfsr/vivado-hls/lfsr/ultrazed/.autopilot/db/global.setting.tcl 
@I [HLS-100] Command     ap_source returned 0; 0.001 sec.
@I [HLS-100] Execute     source C:/Users/tmcphill/GitRepos/fpga-components/stochastic/lfsr/vivado-hls/lfsr/ultrazed/.autopilot/db/global.setting.tcl 
@I [HLS-100] Command     ap_source returned 0; 0.035 sec.
@I [HLS-100] Execute     source C:/Xilinx/Vivado_HLS/2016.4/common/technology/generic/autopilot/common.gen 
@I [HLS-100] Execute       source C:/Xilinx/Vivado_HLS/2016.4/common/technology/generic/autopilot/APCoreGen.gen 
@I [HLS-100] Command       ap_source returned 0; 0.001 sec.
@I [HLS-100] Command     ap_source returned 0; 0.002 sec.
@I [HLS-100] Execute     source C:/Xilinx/Vivado_HLS/2016.4/common/technology/generic/autopilot/op.gen 
@I [HLS-100] Command     ap_source returned 0; 0.001 sec.
@I [HLS-100] Execute     source C:/Xilinx/Vivado_HLS/2016.4/common/technology/generic/autopilot/op_simcore.gen 
@I [HLS-100] Command     ap_source returned 0; 0.002 sec.
@I [HLS-100] Execute     source C:/Xilinx/Vivado_HLS/2016.4/common/technology/generic/autopilot/interface.gen 
@I [HLS-100] Command     ap_source returned 0; 0 sec.
@I [HLS-100] Execute     source C:/Users/tmcphill/GitRepos/fpga-components/stochastic/lfsr/vivado-hls/lfsr/ultrazed/.autopilot/db/global.setting.tcl 
@I [HLS-100] Command     ap_source returned 0; 0.001 sec.
@I [HLS-100] Execute     source C:/Xilinx/Vivado_HLS/2016.4/common/technology/xilinx/zynquplus/zynquplus.gen 
@I [HLS-100] Execute       source C:/Xilinx/Vivado_HLS/2016.4/common/technology/xilinx/common/virtex.gen 
@I [HLS-100] Execute         source C:/Xilinx/Vivado_HLS/2016.4/common/technology/xilinx/common/xilinx.gen 
@I [HLS-100] Execute           source C:/Xilinx/Vivado_HLS/2016.4/common/technology/xilinx/interface/plb46.gen 
@I [HLS-100] Command           ap_source returned 0; 0.002 sec.
@I [HLS-100] Execute           source C:/Xilinx/Vivado_HLS/2016.4/common/technology/xilinx/interface/fsl.gen 
@I [HLS-100] Command           ap_source returned 0; 0 sec.
@I [HLS-100] Execute           source C:/Xilinx/Vivado_HLS/2016.4/common/technology/xilinx/interface/axi4.gen 
@I [HLS-100] Command           ap_source returned 0; 0.003 sec.
@I [HLS-100] Execute           source C:/Xilinx/Vivado_HLS/2016.4/common/technology/xilinx/interface/nativeAXI4.gen 
@I [HLS-100] Execute             source C:/Xilinx/Vivado_HLS/2016.4/common/technology/xilinx/interface/saxilite.gen 
@I [HLS-100] Command             ap_source returned 0; 0.007 sec.
@I [HLS-100] Execute             source C:/Xilinx/Vivado_HLS/2016.4/common/technology/xilinx/interface/maxi.gen 
@I [HLS-100] Command             ap_source returned 0; 0.013 sec.
@I [HLS-100] Command           ap_source returned 0; 0.02 sec.
@I [HLS-100] Execute           source C:/Xilinx/Vivado_HLS/2016.4/common/technology/xilinx/scripts/xilinxcoregen.gen 
@I [HLS-100] Command           ap_source returned 0; 0.016 sec.
@I [HLS-100] Execute           source C:/Xilinx/Vivado_HLS/2016.4/common/technology/xilinx/interface/XilEDKCoreGen.gen 
@I [HLS-100] Command           ap_source returned 0; 0.016 sec.
@I [HLS-100] Execute           source C:/Xilinx/Vivado_HLS/2016.4/common/technology/xilinx/ip/dds_compiler.gen 
@I [HLS-100] Command           ap_source returned 0; 0.004 sec.
@I [HLS-100] Execute           source C:/Xilinx/Vivado_HLS/2016.4/common/technology/xilinx/ip/util.gen 
@I [HLS-100] Command           ap_source returned 0; 0.001 sec.
@I [HLS-100] Execute           source C:/Xilinx/Vivado_HLS/2016.4/common/technology/xilinx/ip/xfft.gen 
@I [HLS-100] Command           ap_source returned 0; 0.131 sec.
@I [HLS-100] Execute           source C:/Xilinx/Vivado_HLS/2016.4/common/technology/xilinx/ip/xfir.gen 
@I [HLS-100] Command           ap_source returned 0; 0.002 sec.
@I [HLS-100] Command         ap_source returned 0; 0.197 sec.
@I [HLS-100] Execute         source C:/Xilinx/Vivado_HLS/2016.4/common/technology/xilinx/common/dsp48.gen 
@I [HLS-100] Command         ap_source returned 0; 0 sec.
@I [HLS-100] Command       ap_source returned 0; 0.202 sec.
@I [HLS-100] Command     ap_source returned 0; 0.202 sec.
@I [HLS-100] Execute     source C:/Xilinx/Vivado_HLS/2016.4/common/technology/xilinx/zynquplus/zynquplus_fpv7.gen 
@I [HLS-100] Execute       source C:/Xilinx/Vivado_HLS/2016.4/common/technology/xilinx/common/xilinx_fpv6.gen 
@I [HLS-100] Command       ap_source returned 0; 0.003 sec.
@I [HLS-100] Command     ap_source returned 0; 0.003 sec.
@I [HLS-100] Execute     source C:/Users/tmcphill/GitRepos/fpga-components/stochastic/lfsr/vivado-hls/lfsr/ultrazed/.autopilot/db/global.setting.tcl 
@I [HLS-100] Command     ap_source returned 0; 0.001 sec.
@I [HLS-100] Execute     source C:/Users/tmcphill/GitRepos/fpga-components/stochastic/lfsr/vivado-hls/lfsr/ultrazed/.autopilot/db/simple_lfsr_next_random_bits.rtl_wrap.cfg.tcl 
@I [HLS-100] Command     ap_source returned 0; 0.001 sec.
@I [HLS-100] Execute     source C:/Users/tmcphill/GitRepos/fpga-components/stochastic/lfsr/vivado-hls/lfsr/ultrazed/.autopilot/db/simple_lfsr_next_random_bits.tbgen.tcl 
@I [HLS-100] Command     ap_source returned 0; 0.001 sec.
@I [HLS-100] Execute     is_encrypted C:/Users/tmcphill/GitRepos/fpga-components/stochastic/lfsr/src/cpp/simple_lfsr_tb.cpp 
@I [HLS-100] Command     is_encrypted returned 0; 0 sec.
@I [HLS-100] Execute     is_encrypted C:/Users/tmcphill/GitRepos/fpga-components/stochastic/lfsr/src/cpp/simple_lfsr.h 
@I [HLS-100] Command     is_encrypted returned 0; 0 sec.
@I [HLS-100] Execute     source C:/Users/tmcphill/GitRepos/fpga-components/stochastic/lfsr/vivado-hls/lfsr/ultrazed/.autopilot/db/simple_lfsr_next_random_bits.tbgen.tcl 
@I [HLS-100] Command     ap_source returned 0; 0.001 sec.
@I [HLS-100] Execute     source C:/Users/tmcphill/GitRepos/fpga-components/stochastic/lfsr/vivado-hls/lfsr/ultrazed/.autopilot/db/simple_lfsr_next_random_bits.tbgen.tcl 
@I [HLS-100] Command     ap_source returned 0; 0.002 sec.
@I [COSIM-47] Using XSIM for RTL simulation.
@I [COSIM-14] Instrumenting C test bench ...
@I [HLS-0] Marker-Pragma convertor: C:/Users/tmcphill/GitRepos/fpga-components/stochastic/lfsr/vivado-hls/lfsr/ultrazed/./sim/autowrap/testbench/simple_lfsr_tb.cpp_pre.cpp C:/Users/tmcphill/GitRepos/fpga-components/stochastic/lfsr/vivado-hls/lfsr/ultrazed/./sim/autowrap/testbench/simple_lfsr_tb.cpp_pre.cpp.line.cpp ./sim/autowrap/testbench/line.tmp 1
@I [HLS-0] Converting Markers to Pragmas...
@I [HLS-0] Marker-Pragma convertor: ./sim/autowrap/testbench/simple_lfsr_tb.cpp_pre.cpp.tb.cpp.line ./sim/autowrap/testbench/simple_lfsr_tb.cpp_pre.cpp.tb.cpp ./sim/autowrap/testbench/line.tmp 0
@I [HLS-0] Converting Pragmas to Markers...
@I [HLS-100] Execute     source C:/Users/tmcphill/GitRepos/fpga-components/stochastic/lfsr/vivado-hls/lfsr/ultrazed/./sim/autowrap/testbench/tb.status.tcl 
@I [HLS-100] Command     ap_source returned 0; 0.002 sec.
@I [HLS-100] Execute     source C:/Users/tmcphill/GitRepos/fpga-components/stochastic/lfsr/vivado-hls/lfsr/ultrazed/.autopilot/db/global.setting.tcl 
@I [HLS-100] Command     ap_source returned 0; 0.002 sec.
@I [HLS-100] Execute     source C:/Users/tmcphill/GitRepos/fpga-components/stochastic/lfsr/vivado-hls/lfsr/ultrazed/.autopilot/db/simple_lfsr_next_random_bits.rtl_wrap.cfg.tcl 
@I [HLS-100] Command     ap_source returned 0; 0.002 sec.
@I [HLS-100] Execute     source C:/Users/tmcphill/GitRepos/fpga-components/stochastic/lfsr/vivado-hls/lfsr/ultrazed/.autopilot/db/simple_lfsr_next_random_bits.rtl_wrap.cfg.tcl 
@I [HLS-100] Command     ap_source returned 0; 0.002 sec.
@I [HLS-100] Execute     source C:/Users/tmcphill/GitRepos/fpga-components/stochastic/lfsr/vivado-hls/lfsr/ultrazed/.autopilot/db/simple_lfsr_next_random_bits.rtl_wrap.cfg.tcl 
@I [HLS-100] Command     ap_source returned 0; 0.002 sec.
@I [HLS-100] Execute     source C:/Users/tmcphill/GitRepos/fpga-components/stochastic/lfsr/vivado-hls/lfsr/ultrazed/.autopilot/db/simple_lfsr_next_random_bits.tbgen.tcl 
@I [HLS-100] Command     ap_source returned 0; 0.001 sec.
@I [HLS-100] Execute     source C:/Users/tmcphill/GitRepos/fpga-components/stochastic/lfsr/vivado-hls/lfsr/ultrazed/.autopilot/db/simple_lfsr_next_random_bits.tbgen.tcl 
@I [HLS-100] Command     ap_source returned 0; 0.001 sec.
@I [HLS-100] Execute     source .run_sim.tcl 
@I [COSIM-302] Starting C TB testing ... 
@I [HLS-100] Command     ap_source returned 0; 0.276 sec.
@I [COSIM-333] Generating C post check test bench ...
@I [COSIM-12] Generating RTL test bench ...
@I [HLS-100] Execute     source C:/Users/tmcphill/GitRepos/fpga-components/stochastic/lfsr/vivado-hls/lfsr/ultrazed/.autopilot/db/simple_lfsr_next_random_bits.tbgen.tcl 
@I [HLS-100] Command     ap_source returned 0; 0.003 sec.
@I [HLS-100] Execute     source C:/Users/tmcphill/GitRepos/fpga-components/stochastic/lfsr/vivado-hls/lfsr/ultrazed/.autopilot/db/simple_lfsr_next_random_bits.tbgen.tcl 
@I [HLS-100] Command     ap_source returned 0; 0.004 sec.
@I [HLS-100] Execute     source C:/Users/tmcphill/GitRepos/fpga-components/stochastic/lfsr/vivado-hls/lfsr/ultrazed/.autopilot/db/simple_lfsr_next_random_bits.tbgen.tcl 
@I [HLS-100] Command     ap_source returned 0; 0.003 sec.
@I [HLS-100] Execute     source C:/Users/tmcphill/GitRepos/fpga-components/stochastic/lfsr/vivado-hls/lfsr/ultrazed/.autopilot/db/simple_lfsr_next_random_bits.tbgen.tcl 
@I [HLS-100] Command     ap_source returned 0; 0.003 sec.
@I [HLS-100] Execute     source ../tv/cdatafile/ref.tcl 
@I [HLS-100] Command     ap_source returned 0; 0.003 sec.
@I [HLS-100] Execute     source C:/Users/tmcphill/GitRepos/fpga-components/stochastic/lfsr/vivado-hls/lfsr/ultrazed/.autopilot/db/simple_lfsr_next_random_bits.tbgen.tcl 
@I [HLS-100] Command     ap_source returned 0; 0.002 sec.
@I [HLS-100] Execute     source C:/Users/tmcphill/GitRepos/fpga-components/stochastic/lfsr/vivado-hls/lfsr/ultrazed/.autopilot/db/simple_lfsr_next_random_bits.tbgen.tcl 
@I [HLS-100] Command     ap_source returned 0; 0.002 sec.
@I [HLS-100] Execute     source C:/Users/tmcphill/GitRepos/fpga-components/stochastic/lfsr/vivado-hls/lfsr/ultrazed/.autopilot/db/simple_lfsr_next_random_bits.tbgen.tcl 
@I [HLS-100] Command     ap_source returned 0; 0.001 sec.
@I [HLS-100] Execute     source C:/Users/tmcphill/GitRepos/fpga-components/stochastic/lfsr/vivado-hls/lfsr/ultrazed/.autopilot/db/simple_lfsr_next_random_bits.tbgen.tcl 
@I [HLS-100] Command     ap_source returned 0; 0.001 sec.
@I [HLS-100] Execute     source C:/Users/tmcphill/GitRepos/fpga-components/stochastic/lfsr/vivado-hls/lfsr/ultrazed/.autopilot/db/simple_lfsr_next_random_bits.tbgen.tcl 
@I [HLS-100] Command     ap_source returned 0; 0.001 sec.
@I [HLS-100] Execute     source C:/Users/tmcphill/GitRepos/fpga-components/stochastic/lfsr/vivado-hls/lfsr/ultrazed/.autopilot/db/simple_lfsr_next_random_bits.tbgen.tcl 
@I [HLS-100] Command     ap_source returned 0; 0.03 sec.
@I [HLS-100] Execute     source C:/Users/tmcphill/GitRepos/fpga-components/stochastic/lfsr/vivado-hls/lfsr/ultrazed/.autopilot/db/simple_lfsr_next_random_bits.tbgen.tcl 
@I [HLS-100] Command     ap_source returned 0; 0.003 sec.
@I [HLS-100] Execute     source C:/Users/tmcphill/GitRepos/fpga-components/stochastic/lfsr/vivado-hls/lfsr/ultrazed/.autopilot/db/simple_lfsr_next_random_bits.tbgen.tcl 
@I [HLS-100] Command     ap_source returned 0; 0.003 sec.
@I [HLS-100] Execute     source C:/Users/tmcphill/GitRepos/fpga-components/stochastic/lfsr/vivado-hls/lfsr/ultrazed/.autopilot/db/simple_lfsr_next_random_bits.tbgen.tcl 
@I [HLS-100] Command     ap_source returned 0; 0.003 sec.
@I [HLS-100] Execute     source C:/Users/tmcphill/GitRepos/fpga-components/stochastic/lfsr/vivado-hls/lfsr/ultrazed/.autopilot/db/simple_lfsr_next_random_bits.tbgen.tcl 
@I [HLS-100] Command     ap_source returned 0; 0.002 sec.
@I [HLS-100] Execute     source C:/Users/tmcphill/GitRepos/fpga-components/stochastic/lfsr/vivado-hls/lfsr/ultrazed/.autopilot/db/simple_lfsr_next_random_bits.tbgen.tcl 
@I [HLS-100] Command     ap_source returned 0; 0.001 sec.
@I [HLS-100] Execute     source C:/Users/tmcphill/GitRepos/fpga-components/stochastic/lfsr/vivado-hls/lfsr/ultrazed/.autopilot/db/simple_lfsr_next_random_bits.tbgen.tcl 
@I [HLS-100] Command     ap_source returned 0; 0.001 sec.
@I [HLS-100] Execute     source C:/Users/tmcphill/GitRepos/fpga-components/stochastic/lfsr/vivado-hls/lfsr/ultrazed/.autopilot/db/simple_lfsr_next_random_bits.tbgen.tcl 
@I [HLS-100] Command     ap_source returned 0; 0.002 sec.
@I [HLS-100] Execute     source C:/Users/tmcphill/GitRepos/fpga-components/stochastic/lfsr/vivado-hls/lfsr/ultrazed/.autopilot/db/simple_lfsr_next_random_bits.tbgen.tcl 
@I [HLS-100] Command     ap_source returned 0; 0.001 sec.
@I [HLS-100] Execute     source C:/Users/tmcphill/GitRepos/fpga-components/stochastic/lfsr/vivado-hls/lfsr/ultrazed/.autopilot/db/simple_lfsr_next_random_bits.tbgen.tcl 
@I [HLS-100] Command     ap_source returned 0; 0.002 sec.
@I [HLS-100] Execute     source C:/Users/tmcphill/GitRepos/fpga-components/stochastic/lfsr/vivado-hls/lfsr/ultrazed/.autopilot/db/simple_lfsr_next_random_bits.tbgen.tcl 
@I [HLS-100] Command     ap_source returned 0; 0.002 sec.
@I [HLS-100] Execute     source ../tv/cdatafile/ref.tcl 
@I [HLS-100] Command     ap_source returned 0; 0.002 sec.
@I [HLS-100] Execute     source C:/Users/tmcphill/GitRepos/fpga-components/stochastic/lfsr/vivado-hls/lfsr/ultrazed/.autopilot/db/simple_lfsr_next_random_bits.tbgen.tcl 
@I [HLS-100] Command     ap_source returned 0; 0.002 sec.
@I [HLS-100] Execute     source C:/Users/tmcphill/GitRepos/fpga-components/stochastic/lfsr/vivado-hls/lfsr/ultrazed/.autopilot/db/simple_lfsr_next_random_bits.tbgen.tcl 
@I [HLS-100] Command     ap_source returned 0; 0.002 sec.
@I [HLS-100] Execute     source C:/Users/tmcphill/GitRepos/fpga-components/stochastic/lfsr/vivado-hls/lfsr/ultrazed/.autopilot/db/simple_lfsr_next_random_bits.tbgen.tcl 
@I [HLS-100] Command     ap_source returned 0; 0.001 sec.
@I [HLS-100] Execute     source C:/Users/tmcphill/GitRepos/fpga-components/stochastic/lfsr/vivado-hls/lfsr/ultrazed/.autopilot/db/simple_lfsr_next_random_bits.tbgen.tcl 
@I [HLS-100] Command     ap_source returned 0; 0.001 sec.
@I [HLS-100] Execute     source C:/Users/tmcphill/GitRepos/fpga-components/stochastic/lfsr/vivado-hls/lfsr/ultrazed/.autopilot/db/simple_lfsr_next_random_bits.tbgen.tcl 
@I [HLS-100] Command     ap_source returned 0; 0.002 sec.
@I [HLS-100] Execute     source C:/Users/tmcphill/GitRepos/fpga-components/stochastic/lfsr/vivado-hls/lfsr/ultrazed/.autopilot/db/simple_lfsr_next_random_bits.tbgen.tcl 
@I [HLS-100] Command     ap_source returned 0; 0.001 sec.
@I [HLS-100] Execute     source C:/Users/tmcphill/GitRepos/fpga-components/stochastic/lfsr/vivado-hls/lfsr/ultrazed/.autopilot/db/simple_lfsr_next_random_bits.tbgen.tcl 
@I [HLS-100] Command     ap_source returned 0; 0.033 sec.
@I [HLS-100] Execute     source C:/Users/tmcphill/GitRepos/fpga-components/stochastic/lfsr/vivado-hls/lfsr/ultrazed/.autopilot/db/simple_lfsr_next_random_bits.tbgen.tcl 
@I [HLS-100] Command     ap_source returned 0; 0.002 sec.
@I [HLS-100] Execute     source C:/Users/tmcphill/GitRepos/fpga-components/stochastic/lfsr/vivado-hls/lfsr/ultrazed/.autopilot/db/simple_lfsr_next_random_bits.tbgen.tcl 
@I [HLS-100] Command     ap_source returned 0; 0.003 sec.
@I [HLS-100] Execute     source C:/Users/tmcphill/GitRepos/fpga-components/stochastic/lfsr/vivado-hls/lfsr/ultrazed/.autopilot/db/simple_lfsr_next_random_bits.tbgen.tcl 
@I [HLS-100] Command     ap_source returned 0; 0 sec.
@I [HLS-100] Execute     source C:/Users/tmcphill/GitRepos/fpga-components/stochastic/lfsr/vivado-hls/lfsr/ultrazed/.autopilot/db/simple_lfsr_next_random_bits.tbgen.tcl 
@I [HLS-100] Command     ap_source returned 0; 0.002 sec.
@I [HLS-100] Execute     source .run_sim.tcl 
@I [HLS-100] Execute       source check_sim.tcl 
@I [HLS-100] Command       ap_source returned 0; 0.002 sec.
@I [HLS-100] Execute       source .sim.status.tcl 
@I [HLS-100] Command       ap_source returned 0; 0.002 sec.
@I [COSIM-323] Starting verilog simulation. 
@I [COSIM-15] Starting XSIM ...
@I [COSIM-316] Starting C post checking ...
@I [HLS-100] Command     ap_source returned 0; 15.499 sec.
@I [COSIM-1000] *** C/RTL co-simulation finished: PASS ***
@I [HLS-100] Command   cosim_design returned 0; 29.926 sec.
@I [HLS-100] Command ap_source returned 0; 30.792 sec.
@I [HLS-100] Execute cleanup_all 
@I [HLS-100] Command cleanup_all returned 0; 0 sec.
