#-----------------------------------------------------------
# xsim v2016.4 (64-bit)
# SW Build 1756540 on Mon Jan 23 19:11:23 MST 2017
# IP Build 1755317 on Mon Jan 23 20:30:07 MST 2017
# Start of session at: Mon May 22 21:07:17 2017
# Process ID: 26196
# Current directory: C:/Users/tmcphill/GitRepos/fpga-components/stochastic/lfsr/vivado-hls/lfsr/ultrazed-unrolled-loop/sim/verilog
# Command line: xsim.exe -mode tcl -source {xsim.dir/simple_lfsr_next_byte/xsim_script.tcl}
# Log file: C:/Users/tmcphill/GitRepos/fpga-components/stochastic/lfsr/vivado-hls/lfsr/ultrazed-unrolled-loop/sim/verilog/xsim.log
# Journal file: C:/Users/tmcphill/GitRepos/fpga-components/stochastic/lfsr/vivado-hls/lfsr/ultrazed-unrolled-loop/sim/verilog\xsim.jou
#-----------------------------------------------------------
Sourcing tcl script 'C:/Xilinx/Vivado/2016.4/scripts/init.tcl'
source xsim.dir/simple_lfsr_next_byte/xsim_script.tcl
# xsim {simple_lfsr_next_byte} -autoloadwcfg -tclbatch {simple_lfsr_next_byte.tcl}
Vivado Simulator 2016.4
Time resolution is 1 ps
source simple_lfsr_next_byte.tcl
## run all
////////////////////////////////////////////////////////////////////////////////////
// Inter-Transaction Progress: Completed Transaction / Total Transaction
// Intra-Transaction Progress: Measured Latency / Latency Estimation * 100%
//
// RTL Simulation : "Inter-Transaction Progress" ["Intra-Transaction Progress"] @ "Simulation Time"
////////////////////////////////////////////////////////////////////////////////////
// RTL Simulation : 0 / 20 [n/a] @ "125000"
// RTL Simulation : 1 / 20 [n/a] @ "145000"
// RTL Simulation : 2 / 20 [n/a] @ "155000"
// RTL Simulation : 3 / 20 [n/a] @ "165000"
// RTL Simulation : 4 / 20 [n/a] @ "175000"
// RTL Simulation : 5 / 20 [n/a] @ "185000"
// RTL Simulation : 6 / 20 [n/a] @ "195000"
// RTL Simulation : 7 / 20 [n/a] @ "205000"
// RTL Simulation : 8 / 20 [n/a] @ "215000"
// RTL Simulation : 9 / 20 [n/a] @ "225000"
// RTL Simulation : 10 / 20 [n/a] @ "235000"
// RTL Simulation : 11 / 20 [n/a] @ "245000"
// RTL Simulation : 12 / 20 [n/a] @ "255000"
// RTL Simulation : 13 / 20 [n/a] @ "265000"
// RTL Simulation : 14 / 20 [n/a] @ "275000"
// RTL Simulation : 15 / 20 [n/a] @ "285000"
// RTL Simulation : 16 / 20 [n/a] @ "295000"
// RTL Simulation : 17 / 20 [n/a] @ "305000"
// RTL Simulation : 18 / 20 [n/a] @ "315000"
// RTL Simulation : 19 / 20 [n/a] @ "325000"
// RTL Simulation : 20 / 20 [n/a] @ "335000"
////////////////////////////////////////////////////////////////////////////////////
$finish called at time : 375 ns : File "C:/Users/tmcphill/GitRepos/fpga-components/stochastic/lfsr/vivado-hls/lfsr/ultrazed-unrolled-loop/sim/verilog/simple_lfsr_next_byte.autotb.v" Line 203
## quit
INFO: [Common 17-206] Exiting xsim at Mon May 22 21:07:27 2017...
