

================================================================
== Vivado HLS Report for 'simple_lfsr_next_random_bits'
================================================================
* Date:           Sat May 27 00:21:23 2017

* Version:        2016.4 (Build 1756540 on Mon Jan 23 19:31:01 MST 2017)
* Project:        lfsr
* Solution:       ultrazed-unrolled-loop
* Product family: zynquplus
* Target device:  xczu3eg-sfva625-1-i-es1


================================================================
== Performance Estimates
================================================================
+ Timing (ns): 
    * Summary: 
    +--------+-------+----------+------------+
    |  Clock | Target| Estimated| Uncertainty|
    +--------+-------+----------+------------+
    |ap_clk  |  10.00|      0.84|        1.25|
    +--------+-------+----------+------------+

+ Latency (clock cycles): 
    * Summary: 
    +-----+-----+-----+-----+---------+
    |  Latency  |  Interval | Pipeline|
    | min | max | min | max |   Type  |
    +-----+-----+-----+-----+---------+
    |    0|    0|    1|    1|   none  |
    +-----+-----+-----+-----+---------+

    + Detail: 
        * Instance: 
        N/A

        * Loop: 
        N/A



================================================================
== Utilization Estimates
================================================================
* Summary: 
+-----------------+---------+-------+--------+-------+-----+
|       Name      | BRAM_18K| DSP48E|   FF   |  LUT  | URAM|
+-----------------+---------+-------+--------+-------+-----+
|DSP              |        -|      -|       -|      -|    -|
|Expression       |        -|      -|       0|     24|    -|
|FIFO             |        -|      -|       -|      -|    -|
|Instance         |        -|      -|       -|      -|    -|
|Memory           |        -|      -|       -|      -|    -|
|Multiplexer      |        -|      -|       -|      -|    -|
|Register         |        -|      -|      33|      -|    -|
+-----------------+---------+-------+--------+-------+-----+
|Total            |        0|      0|      33|     24|    0|
+-----------------+---------+-------+--------+-------+-----+
|Available        |      432|    360|  141120|  70560|    0|
+-----------------+---------+-------+--------+-------+-----+
|Utilization (%)  |        0|      0|   ~0   |   ~0  |  100|
+-----------------+---------+-------+--------+-------+-----+

+ Detail: 
    * Instance: 
    N/A

    * DSP48: 
    N/A

    * Memory: 
    N/A

    * FIFO: 
    N/A

    * Expression: 
    +------------------------------+----------+-------+---+----+------------+------------+
    |         Variable Name        | Operation| DSP48E| FF| LUT| Bitwidth P0| Bitwidth P1|
    +------------------------------+----------+-------+---+----+------------+------------+
    |new_random_bit_1_i_fu_148_p2  |    xor   |      0|  0|   1|           1|           1|
    |new_random_bit_2_i_fu_198_p2  |    xor   |      0|  0|   1|           1|           1|
    |new_random_bit_3_i_fu_248_p2  |    xor   |      0|  0|   1|           1|           1|
    |new_random_bit_4_i_fu_298_p2  |    xor   |      0|  0|   1|           1|           1|
    |new_random_bit_5_i_fu_348_p2  |    xor   |      0|  0|   1|           1|           1|
    |new_random_bit_6_i_fu_398_p2  |    xor   |      0|  0|   1|           1|           1|
    |new_random_bit_7_i_fu_448_p2  |    xor   |      0|  0|   1|           1|           1|
    |new_random_bit_i_fu_94_p2     |    xor   |      0|  0|   1|           1|           1|
    |tmp10_fu_292_p2               |    xor   |      0|  0|   1|           1|           1|
    |tmp11_fu_336_p2               |    xor   |      0|  0|   1|           1|           1|
    |tmp12_fu_342_p2               |    xor   |      0|  0|   1|           1|           1|
    |tmp13_fu_386_p2               |    xor   |      0|  0|   1|           1|           1|
    |tmp14_fu_392_p2               |    xor   |      0|  0|   1|           1|           1|
    |tmp15_fu_436_p2               |    xor   |      0|  0|   1|           1|           1|
    |tmp16_fu_442_p2               |    xor   |      0|  0|   1|           1|           1|
    |tmp1_fu_82_p2                 |    xor   |      0|  0|   1|           1|           1|
    |tmp2_fu_88_p2                 |    xor   |      0|  0|   1|           1|           1|
    |tmp3_fu_242_p2                |    xor   |      0|  0|   1|           1|           1|
    |tmp4_fu_136_p2                |    xor   |      0|  0|   1|           1|           1|
    |tmp5_fu_142_p2                |    xor   |      0|  0|   1|           1|           1|
    |tmp6_fu_286_p2                |    xor   |      0|  0|   1|           1|           1|
    |tmp7_fu_186_p2                |    xor   |      0|  0|   1|           1|           1|
    |tmp8_fu_192_p2                |    xor   |      0|  0|   1|           1|           1|
    |tmp9_fu_236_p2                |    xor   |      0|  0|   1|           1|           1|
    +------------------------------+----------+-------+---+----+------------+------------+
    |Total                         |          |      0|  0|  24|          24|          24|
    +------------------------------+----------+-------+---+----+------------+------------+

    * Multiplexer: 
    N/A

    * Register: 
    +-----------+----+----+-----+-----------+
    |    Name   | FF | LUT| Bits| Const Bits|
    +-----------+----+----+-----+-----------+
    |ap_CS_fsm  |   1|   0|    1|          0|
    |r          |  32|   0|   32|          0|
    +-----------+----+----+-----+-----------+
    |Total      |  33|   0|   33|          0|
    +-----------+----+----+-----+-----------+



================================================================
== Interface
================================================================
* Summary: 
+-----------+-----+-----+------------+------------------------------+--------------+
| RTL Ports | Dir | Bits|  Protocol  |         Source Object        |    C Type    |
+-----------+-----+-----+------------+------------------------------+--------------+
|ap_clk     |  in |    1| ap_ctrl_hs | simple_lfsr_next_random_bits | return value |
|ap_rst     |  in |    1| ap_ctrl_hs | simple_lfsr_next_random_bits | return value |
|ap_start   |  in |    1| ap_ctrl_hs | simple_lfsr_next_random_bits | return value |
|ap_done    | out |    1| ap_ctrl_hs | simple_lfsr_next_random_bits | return value |
|ap_idle    | out |    1| ap_ctrl_hs | simple_lfsr_next_random_bits | return value |
|ap_ready   | out |    1| ap_ctrl_hs | simple_lfsr_next_random_bits | return value |
|ap_return  | out |   32| ap_ctrl_hs | simple_lfsr_next_random_bits | return value |
+-----------+-----+-----+------------+------------------------------+--------------+

