Unable to capture context for thread 25876 in process 26452, can not generate back trace
Unable to capture context for thread 26048 in process 26452, can not generate back trace
Unable to capture context for thread 16292 in process 26452, can not generate back trace
Unable to capture context for thread 20168 in process 26452, can not generate back trace
Unable to capture context for thread 25588 in process 26452, can not generate back trace
Unable to capture context for thread 25268 in process 26452, can not generate back trace
Unable to capture context for thread 26252 in process 26452, can not generate back trace
Unable to capture context for thread 23056 in process 26452, can not generate back trace
Unable to capture context for thread 26016 in process 26452, can not generate back trace
Exception at PC 0x00007FFE33A9BB93
Printing stacktrace...

Unable to capture context for thread 16292 in process 26452, can not generate back trace
Unable to capture context for thread 20168 in process 26452, can not generate back trace
Unable to capture context for thread 12120 in process 26452, can not generate back trace
Exception at PC 0x00007FFEAAF53C58
Exception at PC 0x00007FFEAAF53C58
Exception at PC 0x00007FFEAAF53C58
Exception at PC 0x00007FFEAAF53C58
Exception at PC 0x00007FFEAAF53C58
Exception at PC 0x00007FFEAAF53C58
Exception at PC 0x00007FFEAAF53C58
Exception at PC 0x00007FFEAAF53C58
Exception at PC 0x00007FFEAAF53C58
Exception at PC 0x00007FFEAAF53C58
Exception at PC 0x00007FFEAAF53C58
Exception at PC 0x00007FFEAAF53C58
Exception at PC 0x00007FFEAAF53C58
Exception at PC 0x00007FFEAAF53C58
[0]  [0x00007FFE33A9BB93]
[1]  [0x00007FFE33A9BB93]
[2]  [0x00007FFE33A9B4A1]
[3]  [0x00007FFE33A9B459]
[4]  [0x00007FFE33A819FE]
[5]  [0x00007FFE33A80ED1]
[6]  [0x00007FFE33A80D76]
[7]  [0x00007FFE33A279F6]
[8]  [0x00007FFE33A17AFB]
[9]  [0x00007FFE33B3E90A]
[10]  [0x00007FFE33B59F87]
[11]  [0x00007FFE33B5A05F]
[12] (BaseThreadInitThunk+0x14) [0x00007FFEABED8364]
[13] (RtlUserThreadStart+0x21) [0x00007FFEADE770D1]
Done
Exception at PC 0x00007FFEAAF53C58
Exception at PC 0x00007FFEAAF53C58
Exception at PC 0x00007FFEAAF53C58
